D:\用户目录\我的文档\VISUAL STUDIO 2010\PROJECTS\Y\RELEASE\Y.EXE
D:\用户目录\我的文档\VISUAL STUDIO 2010\PROJECTS\Y\RELEASE\Y.EXE.MANIFEST
D:\用户目录\我的文档\VISUAL STUDIO 2010\PROJECTS\Y\RELEASE\Y.PDB
D:\用户目录\我的文档\Visual Studio 2010\Projects\y\y\Release\cl.command.1.tlog
D:\用户目录\我的文档\Visual Studio 2010\Projects\y\y\Release\CL.read.1.tlog
D:\用户目录\我的文档\Visual Studio 2010\Projects\y\y\Release\CL.write.1.tlog
D:\用户目录\我的文档\VISUAL STUDIO 2010\PROJECTS\Y\Y\RELEASE\EXPLORER1.OBJ
D:\用户目录\我的文档\Visual Studio 2010\Projects\y\y\Release\link.command.1.tlog
D:\用户目录\我的文档\Visual Studio 2010\Projects\y\y\Release\link.read.1.tlog
D:\用户目录\我的文档\Visual Studio 2010\Projects\y\y\Release\link.write.1.tlog
D:\用户目录\我的文档\Visual Studio 2010\Projects\y\y\Release\link-cvtres.read.1.tlog
D:\用户目录\我的文档\Visual Studio 2010\Projects\y\y\Release\link-cvtres.write.1.tlog
D:\用户目录\我的文档\VISUAL STUDIO 2010\PROJECTS\Y\Y\RELEASE\LOGIN.OBJ
D:\用户目录\我的文档\Visual Studio 2010\Projects\y\y\Release\mt.command.1.tlog
D:\用户目录\我的文档\Visual Studio 2010\Projects\y\y\Release\mt.read.1.tlog
D:\用户目录\我的文档\Visual Studio 2010\Projects\y\y\Release\mt.write.1.tlog
D:\用户目录\我的文档\Visual Studio 2010\Projects\y\y\Release\rc.command.1.tlog
D:\用户目录\我的文档\Visual Studio 2010\Projects\y\y\Release\rc.read.1.tlog
D:\用户目录\我的文档\Visual Studio 2010\Projects\y\y\Release\rc.write.1.tlog
D:\用户目录\我的文档\VISUAL STUDIO 2010\PROJECTS\Y\Y\RELEASE\STDAFX.OBJ
D:\用户目录\我的文档\VISUAL STUDIO 2010\PROJECTS\Y\Y\RELEASE\VC100.PDB
D:\用户目录\我的文档\VISUAL STUDIO 2010\PROJECTS\Y\Y\RELEASE\Y.EXE.INTERMEDIATE.MANIFEST
D:\用户目录\我的文档\VISUAL STUDIO 2010\PROJECTS\Y\Y\RELEASE\Y.OBJ
D:\用户目录\我的文档\VISUAL STUDIO 2010\PROJECTS\Y\Y\RELEASE\Y.PCH
D:\用户目录\我的文档\VISUAL STUDIO 2010\PROJECTS\Y\Y\RELEASE\Y.RES
D:\用户目录\我的文档\Visual Studio 2010\Projects\y\y\Release\y.write.1.tlog
D:\用户目录\我的文档\VISUAL STUDIO 2010\PROJECTS\Y\Y\RELEASE\YDLG.OBJ
