D:\用户目录\我的文档\VISUAL STUDIO 2010\PROJECTS\Y\X64\RELEASE\Y.EXE
D:\用户目录\我的文档\VISUAL STUDIO 2010\PROJECTS\Y\X64\RELEASE\Y.PDB
d:\用户目录\我的文档\visual studio 2010\Projects\y\y\x64\Release\cl.command.1.tlog
d:\用户目录\我的文档\visual studio 2010\Projects\y\y\x64\Release\CL.read.1.tlog
d:\用户目录\我的文档\visual studio 2010\Projects\y\y\x64\Release\CL.write.1.tlog
D:\用户目录\我的文档\VISUAL STUDIO 2010\PROJECTS\Y\Y\X64\RELEASE\EXPLORER1.OBJ
d:\用户目录\我的文档\visual studio 2010\Projects\y\y\x64\Release\link.command.1.tlog
d:\用户目录\我的文档\visual studio 2010\Projects\y\y\x64\Release\link.read.1.tlog
d:\用户目录\我的文档\visual studio 2010\Projects\y\y\x64\Release\link.write.1.tlog
d:\用户目录\我的文档\visual studio 2010\Projects\y\y\x64\Release\link-cvtres.read.1.tlog
d:\用户目录\我的文档\visual studio 2010\Projects\y\y\x64\Release\link-cvtres.write.1.tlog
d:\用户目录\我的文档\visual studio 2010\Projects\y\y\x64\Release\mt.command.1.tlog
d:\用户目录\我的文档\visual studio 2010\Projects\y\y\x64\Release\mt.read.1.tlog
d:\用户目录\我的文档\visual studio 2010\Projects\y\y\x64\Release\mt.write.1.tlog
d:\用户目录\我的文档\visual studio 2010\Projects\y\y\x64\Release\rc.command.1.tlog
d:\用户目录\我的文档\visual studio 2010\Projects\y\y\x64\Release\rc.read.1.tlog
d:\用户目录\我的文档\visual studio 2010\Projects\y\y\x64\Release\rc.write.1.tlog
D:\用户目录\我的文档\VISUAL STUDIO 2010\PROJECTS\Y\Y\X64\RELEASE\STDAFX.OBJ
D:\用户目录\我的文档\VISUAL STUDIO 2010\PROJECTS\Y\Y\X64\RELEASE\VC100.PDB
D:\用户目录\我的文档\VISUAL STUDIO 2010\PROJECTS\Y\Y\X64\RELEASE\Y.EXE.INTERMEDIATE.MANIFEST
D:\用户目录\我的文档\VISUAL STUDIO 2010\PROJECTS\Y\Y\X64\RELEASE\Y.OBJ
D:\用户目录\我的文档\VISUAL STUDIO 2010\PROJECTS\Y\Y\X64\RELEASE\Y.PCH
D:\用户目录\我的文档\VISUAL STUDIO 2010\PROJECTS\Y\Y\X64\RELEASE\Y.RES
D:\用户目录\我的文档\VISUAL STUDIO 2010\PROJECTS\Y\Y\X64\RELEASE\YDLG.OBJ
