生成启动时间为 2017/3/24 19:03:23。
     1>项目“d:\用户目录\我的文档\visual studio 2010\Projects\y\y\y.vcxproj”在节点 2 上(rebuild 个目标)。
     1>PrepareForBuild:
         正在创建目录“d:\用户目录\我的文档\visual studio 2010\Projects\y\x64\X64\”。
       InitializeBuildStatus:
         正在创建“x64\X64\y.unsuccessfulbuild”，因为已指定“AlwaysCreate”。
       ClCompile:
         C:\Program Files (x86)\Microsoft Visual Studio 10.0\VC\bin\x86_amd64\CL.exe /c /Zi /nologo /W1 /WX- /O2 /Gm- /EHsc /MD /GS /fp:precise /Zc:wchar_t /Zc:forScope /Fo"x64\X64\\" /Fd"x64\X64\vc100.pdb" /Gd /TP /errorReport:prompt explorer1.cpp stdafx.cpp y.cpp yDlg.cpp
         explorer1.cpp
     1>C:\Program Files (x86)\Microsoft Visual Studio 10.0\VC\atlmfc\include\afx.h(24): fatal error C1189: #error :  Building MFC application with /MD[d] (CRT dll version) requires MFC shared dll version. Please #define _AFXDLL or do not use /MD[d]
         stdafx.cpp
     1>C:\Program Files (x86)\Microsoft Visual Studio 10.0\VC\atlmfc\include\afx.h(24): fatal error C1189: #error :  Building MFC application with /MD[d] (CRT dll version) requires MFC shared dll version. Please #define _AFXDLL or do not use /MD[d]
         y.cpp
     1>C:\Program Files (x86)\Microsoft Visual Studio 10.0\VC\atlmfc\include\afx.h(24): fatal error C1189: #error :  Building MFC application with /MD[d] (CRT dll version) requires MFC shared dll version. Please #define _AFXDLL or do not use /MD[d]
         yDlg.cpp
     1>C:\Program Files (x86)\Microsoft Visual Studio 10.0\VC\atlmfc\include\afx.h(24): fatal error C1189: #error :  Building MFC application with /MD[d] (CRT dll version) requires MFC shared dll version. Please #define _AFXDLL or do not use /MD[d]
         Generating Code...
     1>已完成生成项目“d:\用户目录\我的文档\visual studio 2010\Projects\y\y\y.vcxproj”(rebuild 个目标)的操作 - 失败。

生成失败。

已用时间 00:00:00.23
